<?xml version="1.0" encoding="UTF-8"?>
<!-- Generated by org.testng.reporters.JUnitReportReporter -->
<testsuite skipped="7" hostname="Samis-MacBook-Pro.local" name="com.crm.qa.testcases.HomePageTest" tests="8" failures="0" timestamp="29 Dec 2017 03:34:35 GMT" time="50.445" errors="1">
  <testcase name="verifyContactsLink" time="50.445" classname="com.crm.qa.testcases.HomePageTest">
    <error type="org.openqa.selenium.NoSuchFrameException" message="No frame element found by name or id mainpanel
Build info: version: &#039;3.7.1&#039;, revision: &#039;8a0099a&#039;, time: &#039;2017-11-06T21:01:39.354Z&#039;
System info: host: &#039;Samis-MacBook-Pro.local&#039;, ip: &#039;fe80:0:0:0:1829:6a48:b639:2af3%en0&#039;, os.name: &#039;Mac OS X&#039;, os.arch: &#039;x86_64&#039;, os.version: &#039;10.12.6&#039;, java.version: &#039;1.8.0_131&#039;
Driver info: driver.version: unknown">
      <![CDATA[org.openqa.selenium.NoSuchFrameException: No frame element found by name or id mainpanel
Build info: version: '3.7.1', revision: '8a0099a', time: '2017-11-06T21:01:39.354Z'
System info: host: 'Samis-MacBook-Pro.local', ip: 'fe80:0:0:0:1829:6a48:b639:2af3%en0', os.name: 'Mac OS X', os.arch: 'x86_64', os.version: '10.12.6', java.version: '1.8.0_131'
Driver info: driver.version: unknown
	at org.openqa.selenium.remote.RemoteWebDriver$RemoteTargetLocator.frame(RemoteWebDriver.java:939)
	at com.crm.qa.util.TestUtil.switchToIframe(TestUtil.java:26)
	at com.crm.qa.pages.HomePage.clickContacts(HomePage.java:77)
	at com.crm.qa.testcases.HomePageTest.verifyContactsLink(HomePageTest.java:129)
	at sun.reflect.NativeMethodAccessorImpl.invoke0(Native Method)
	at sun.reflect.NativeMethodAccessorImpl.invoke(NativeMethodAccessorImpl.java:62)
	at sun.reflect.DelegatingMethodAccessorImpl.invoke(DelegatingMethodAccessorImpl.java:43)
	at java.lang.reflect.Method.invoke(Method.java:498)
	at org.testng.internal.MethodInvocationHelper.invokeMethod(MethodInvocationHelper.java:108)
	at org.testng.internal.Invoker.invokeMethod(Invoker.java:661)
	at org.testng.internal.Invoker.invokeTestMethod(Invoker.java:869)
	at org.testng.internal.Invoker.invokeTestMethods(Invoker.java:1193)
	at org.testng.internal.TestMethodWorker.invokeTestMethods(TestMethodWorker.java:126)
	at org.testng.internal.TestMethodWorker.run(TestMethodWorker.java:109)
	at org.testng.TestRunner.privateRun(TestRunner.java:744)
	at org.testng.TestRunner.run(TestRunner.java:602)
	at org.testng.SuiteRunner.runTest(SuiteRunner.java:380)
	at org.testng.SuiteRunner.runSequentially(SuiteRunner.java:375)
	at org.testng.SuiteRunner.privateRun(SuiteRunner.java:340)
	at org.testng.SuiteRunner.run(SuiteRunner.java:289)
	at org.testng.SuiteRunnerWorker.runSuite(SuiteRunnerWorker.java:52)
	at org.testng.SuiteRunnerWorker.run(SuiteRunnerWorker.java:86)
	at org.testng.TestNG.runSuitesSequentially(TestNG.java:1301)
	at org.testng.TestNG.runSuitesLocally(TestNG.java:1226)
	at org.testng.TestNG.runSuites(TestNG.java:1144)
	at org.testng.TestNG.run(TestNG.java:1115)
	at org.testng.remote.AbstractRemoteTestNG.run(AbstractRemoteTestNG.java:114)
	at org.testng.remote.RemoteTestNG.initAndRun(RemoteTestNG.java:251)
	at org.testng.remote.RemoteTestNG.main(RemoteTestNG.java:77)
]]>
    </error>
  </testcase> <!-- verifyContactsLink -->
  <testcase name="clickCalender" classname="com.crm.qa.testcases.HomePageTest">
    <skipped/>
  </testcase> <!-- clickCalender -->
  <testcase name="clickDeals" classname="com.crm.qa.testcases.HomePageTest">
    <skipped/>
  </testcase> <!-- clickDeals -->
  <testcase name="verifyHomePageTitle" classname="com.crm.qa.testcases.HomePageTest">
    <skipped/>
  </testcase> <!-- verifyHomePageTitle -->
  <testcase name="verifyLoggedInUsernameText" classname="com.crm.qa.testcases.HomePageTest">
    <skipped/>
  </testcase> <!-- verifyLoggedInUsernameText -->
  <testcase name="veridyHomePageLogo" classname="com.crm.qa.testcases.HomePageTest">
    <skipped/>
  </testcase> <!-- veridyHomePageLogo -->
  <testcase name="veridyLoggedInUser" classname="com.crm.qa.testcases.HomePageTest">
    <skipped/>
  </testcase> <!-- veridyLoggedInUser -->
  <testcase name="clickContacts" classname="com.crm.qa.testcases.HomePageTest">
    <skipped/>
  </testcase> <!-- clickContacts -->
</testsuite> <!-- com.crm.qa.testcases.HomePageTest -->
